<?xml version="1.0" encoding="UTF-8"?>
<!-- Generated by org.testng.reporters.JUnitReportReporter -->
<testsuite hostname="mstrmuptn350s" name="kn.risk.tests.capabilitydashboard.Filter1" tests="4" failures="0" timestamp="26 Dec 2017 11:06:32 GMT" time="74.199" errors="0">
  <testcase name="test2" time="45.237" classname="kn.risk.tests.capabilitydashboard.Filter1"/>
  <testcase name="test4" time="7.492" classname="kn.risk.tests.capabilitydashboard.Filter1"/>
  <testcase name="test1" time="9.207" classname="kn.risk.tests.capabilitydashboard.Filter1"/>
  <testcase name="test3" time="12.263" classname="kn.risk.tests.capabilitydashboard.Filter1"/>
</testsuite> <!-- kn.risk.tests.capabilitydashboard.Filter1 -->
