<?xml version="1.0" encoding="UTF-8"?>
<!-- Generated by org.testng.reporters.JUnitReportReporter -->
<testsuite hostname="mstrmuptn350s" name="kn.risk.pages.Test2" tests="1" failures="0" timestamp="5 Dec 2017 14:05:59 GMT" time="0.017" errors="0">
  <testcase name="test" time="0.017" classname="kn.risk.pages.Test2"/>
</testsuite> <!-- kn.risk.pages.Test2 -->
