<?xml version="1.0" encoding="UTF-8"?>
<!-- Generated by org.testng.reporters.JUnitReportReporter -->
<testsuite hostname="mstrmuptn350s" name="kn.risk.pages.Test1" tests="3" failures="0" timestamp="12 Dec 2017 14:46:45 GMT" time="52.945" errors="0">
  <testcase name="test1" time="1.295" classname="kn.risk.pages.Test1"/>
  <testcase name="test3" time="21.931" classname="kn.risk.pages.Test1"/>
  <testcase name="test2" time="29.719" classname="kn.risk.pages.Test1"/>
</testsuite> <!-- kn.risk.pages.Test1 -->
