<?xml version="1.0" encoding="UTF-8"?>
<!-- Generated by org.testng.reporters.JUnitReportReporter -->
<testsuite hostname="mstrmuptn350s" name="kn.risk.pages.Test4" tests="1" failures="0" timestamp="5 Dec 2017 14:21:43 GMT" time="6.975" errors="0">
  <testcase name="test" time="6.975" classname="kn.risk.pages.Test4"/>
</testsuite> <!-- kn.risk.pages.Test4 -->
