<?xml version="1.0" encoding="UTF-8"?>
<!-- Generated by org.testng.reporters.JUnitReportReporter -->
<testsuite hostname="mstrmuptn350s" name="kn.risk.tests.CapabilityFilter" tests="2" failures="0" timestamp="12 Dec 2017 16:05:33 GMT" time="31.869" errors="0">
  <testcase name="test1" time="16.433" classname="kn.risk.tests.CapabilityFilter"/>
  <testcase name="test2" time="15.436" classname="kn.risk.tests.CapabilityFilter"/>
</testsuite> <!-- kn.risk.tests.CapabilityFilter -->
