<?xml version="1.0" encoding="UTF-8" ?>
<testsuite tests="3" failures="0" name="TestSuite" time="34.619" errors="0" skipped="0">
  <properties>
    <property name="java.runtime.name" value="Java(TM) SE Runtime Environment"/>
    <property name="sun.boot.library.path" value="C:\Java\jdk1.8.0_60\jre\bin"/>
    <property name="java.vm.version" value="25.60-b23"/>
    <property name="java.vm.vendor" value="Oracle Corporation"/>
    <property name="java.vendor.url" value="http://java.oracle.com/"/>
    <property name="path.separator" value=";"/>
    <property name="java.vm.name" value="Java HotSpot(TM) 64-Bit Server VM"/>
    <property name="file.encoding.pkg" value="sun.io"/>
    <property name="user.script" value=""/>
    <property name="user.country" value="US"/>
    <property name="sun.java.launcher" value="SUN_STANDARD"/>
    <property name="sun.os.patch.level" value="Service Pack 1"/>
    <property name="java.vm.specification.name" value="Java Virtual Machine Specification"/>
    <property name="user.dir" value="C:\Bheer\KN_WS\Maven-sample"/>
    <property name="java.runtime.version" value="1.8.0_60-b27"/>
    <property name="java.awt.graphicsenv" value="sun.awt.Win32GraphicsEnvironment"/>
    <property name="basedir" value="C:\Bheer\KN_WS\Maven-sample"/>
    <property name="java.endorsed.dirs" value="C:\Java\jdk1.8.0_60\jre\lib\endorsed"/>
    <property name="os.arch" value="amd64"/>
    <property name="surefire.real.class.path" value="C:\Users\EXTERN~1.K\AppData\Local\Temp\172\surefirebooter8083619151094100964.jar"/>
    <property name="java.io.tmpdir" value="C:\Users\EXTERN~1.K\AppData\Local\Temp\172\"/>
    <property name="line.separator" value="
"/>
    <property name="java.vm.specification.vendor" value="Oracle Corporation"/>
    <property name="user.variant" value=""/>
    <property name="os.name" value="Windows Server 2008 R2"/>
    <property name="sun.jnu.encoding" value="Cp1252"/>
    <property name="java.library.path" value="C:\Java\jdk1.8.0_60\jre\bin;C:\Windows\Sun\Java\bin;C:\Windows\system32;C:\Windows;C:\ProgramData\Oracle\Java\javapath;C:\oracle\product\11.2.0\client_1\bin;C:\Windows\system32;C:\Windows;C:\Windows\System32\Wbem;C:\Windows\System32\WindowsPowerShell\v1.0\;C:\Program Files (x86)\Liquid Technologies\Liquid XML Studio 2012\XmlDataBinder10\Redist10\cpp\win32\bin;C:\Program Files (x86)\GNU\GnuPG\pub;C:\Windows\idmu\common;C:\Program Files\Java\jdk1.8.0_73\bin;C:\gkc\maven\apache-maven-3.5.0\bin;C:\gkc\maven\apache-maven-3.5.0\bin;."/>
    <property name="surefire.test.class.path" value="C:\Bheer\KN_WS\Maven-sample\target\test-classes;C:\Bheer\KN_WS\Maven-sample\target\classes;C:\Users\External.Bheerappa.K\.m2\repository\com\relevantcodes\extentreports\2.41.2\extentreports-2.41.2.jar;C:\Users\External.Bheerappa.K\.m2\repository\org\jsoup\jsoup\1.8.3\jsoup-1.8.3.jar;C:\Users\External.Bheerappa.K\.m2\repository\org\xerial\sqlite-jdbc\3.8.11.1\sqlite-jdbc-3.8.11.1.jar;C:\Users\External.Bheerappa.K\.m2\repository\org\freemarker\freemarker\2.3.23\freemarker-2.3.23.jar;C:\Users\External.Bheerappa.K\.m2\repository\org\mongodb\mongodb-driver\3.0.4\mongodb-driver-3.0.4.jar;C:\Users\External.Bheerappa.K\.m2\repository\org\mongodb\bson\3.0.4\bson-3.0.4.jar;C:\Users\External.Bheerappa.K\.m2\repository\org\mongodb\mongodb-driver-core\3.0.4\mongodb-driver-core-3.0.4.jar;C:\Users\External.Bheerappa.K\.m2\repository\org\seleniumhq\selenium\selenium-java\3.7.1\selenium-java-3.7.1.jar;C:\Users\External.Bheerappa.K\.m2\repository\org\seleniumhq\selenium\selenium-api\3.7.1\selenium-api-3.7.1.jar;C:\Users\External.Bheerappa.K\.m2\repository\org\seleniumhq\selenium\selenium-chrome-driver\3.7.1\selenium-chrome-driver-3.7.1.jar;C:\Users\External.Bheerappa.K\.m2\repository\org\seleniumhq\selenium\selenium-edge-driver\3.7.1\selenium-edge-driver-3.7.1.jar;C:\Users\External.Bheerappa.K\.m2\repository\org\seleniumhq\selenium\selenium-firefox-driver\3.7.1\selenium-firefox-driver-3.7.1.jar;C:\Users\External.Bheerappa.K\.m2\repository\org\seleniumhq\selenium\selenium-opera-driver\3.7.1\selenium-opera-driver-3.7.1.jar;C:\Users\External.Bheerappa.K\.m2\repository\org\seleniumhq\selenium\selenium-remote-driver\3.7.1\selenium-remote-driver-3.7.1.jar;C:\Users\External.Bheerappa.K\.m2\repository\org\seleniumhq\selenium\selenium-safari-driver\3.7.1\selenium-safari-driver-3.7.1.jar;C:\Users\External.Bheerappa.K\.m2\repository\org\seleniumhq\selenium\selenium-support\3.7.1\selenium-support-3.7.1.jar;C:\Users\External.Bheerappa.K\.m2\repository\net\bytebuddy\byte-buddy\1.7.5\byte-buddy-1.7.5.jar;C:\Users\External.Bheerappa.K\.m2\repository\org\apache\commons\commons-exec\1.3\commons-exec-1.3.jar;C:\Users\External.Bheerappa.K\.m2\repository\commons-codec\commons-codec\1.10\commons-codec-1.10.jar;C:\Users\External.Bheerappa.K\.m2\repository\commons-logging\commons-logging\1.2\commons-logging-1.2.jar;C:\Users\External.Bheerappa.K\.m2\repository\com\google\code\gson\gson\2.8.2\gson-2.8.2.jar;C:\Users\External.Bheerappa.K\.m2\repository\com\google\guava\guava\23.0\guava-23.0.jar;C:\Users\External.Bheerappa.K\.m2\repository\com\google\code\findbugs\jsr305\1.3.9\jsr305-1.3.9.jar;C:\Users\External.Bheerappa.K\.m2\repository\com\google\errorprone\error_prone_annotations\2.0.18\error_prone_annotations-2.0.18.jar;C:\Users\External.Bheerappa.K\.m2\repository\com\google\j2objc\j2objc-annotations\1.1\j2objc-annotations-1.1.jar;C:\Users\External.Bheerappa.K\.m2\repository\org\codehaus\mojo\animal-sniffer-annotations\1.14\animal-sniffer-annotations-1.14.jar;C:\Users\External.Bheerappa.K\.m2\repository\org\apache\httpcomponents\httpclient\4.5.3\httpclient-4.5.3.jar;C:\Users\External.Bheerappa.K\.m2\repository\org\apache\httpcomponents\httpcore\4.4.6\httpcore-4.4.6.jar;C:\Users\External.Bheerappa.K\.m2\repository\org\seleniumhq\selenium\selenium-ie-driver\3.7.1\selenium-ie-driver-3.7.1.jar;C:\Users\External.Bheerappa.K\.m2\repository\org\testng\testng\6.9.10\testng-6.9.10.jar;C:\Users\External.Bheerappa.K\.m2\repository\com\beust\jcommander\1.48\jcommander-1.48.jar;C:\Users\External.Bheerappa.K\.m2\repository\org\beanshell\bsh\2.0b4\bsh-2.0b4.jar;"/>
    <property name="webdriver.ie.driver" value="C:\Bheer jars\IEDriverServer_x64_3.7.0\IEDriverServer.exe"/>
    <property name="java.specification.name" value="Java Platform API Specification"/>
    <property name="java.class.version" value="52.0"/>
    <property name="sun.management.compiler" value="HotSpot 64-Bit Tiered Compilers"/>
    <property name="os.version" value="6.1"/>
    <property name="user.home" value="C:\Users\External.Bheerappa.K"/>
    <property name="user.timezone" value="America/New_York"/>
    <property name="java.awt.printerjob" value="sun.awt.windows.WPrinterJob"/>
    <property name="java.specification.version" value="1.8"/>
    <property name="file.encoding" value="Cp1252"/>
    <property name="user.name" value="External.Bheerappa.K"/>
    <property name="java.class.path" value="C:\Bheer\KN_WS\Maven-sample\target\test-classes;C:\Bheer\KN_WS\Maven-sample\target\classes;C:\Users\External.Bheerappa.K\.m2\repository\com\relevantcodes\extentreports\2.41.2\extentreports-2.41.2.jar;C:\Users\External.Bheerappa.K\.m2\repository\org\jsoup\jsoup\1.8.3\jsoup-1.8.3.jar;C:\Users\External.Bheerappa.K\.m2\repository\org\xerial\sqlite-jdbc\3.8.11.1\sqlite-jdbc-3.8.11.1.jar;C:\Users\External.Bheerappa.K\.m2\repository\org\freemarker\freemarker\2.3.23\freemarker-2.3.23.jar;C:\Users\External.Bheerappa.K\.m2\repository\org\mongodb\mongodb-driver\3.0.4\mongodb-driver-3.0.4.jar;C:\Users\External.Bheerappa.K\.m2\repository\org\mongodb\bson\3.0.4\bson-3.0.4.jar;C:\Users\External.Bheerappa.K\.m2\repository\org\mongodb\mongodb-driver-core\3.0.4\mongodb-driver-core-3.0.4.jar;C:\Users\External.Bheerappa.K\.m2\repository\org\seleniumhq\selenium\selenium-java\3.7.1\selenium-java-3.7.1.jar;C:\Users\External.Bheerappa.K\.m2\repository\org\seleniumhq\selenium\selenium-api\3.7.1\selenium-api-3.7.1.jar;C:\Users\External.Bheerappa.K\.m2\repository\org\seleniumhq\selenium\selenium-chrome-driver\3.7.1\selenium-chrome-driver-3.7.1.jar;C:\Users\External.Bheerappa.K\.m2\repository\org\seleniumhq\selenium\selenium-edge-driver\3.7.1\selenium-edge-driver-3.7.1.jar;C:\Users\External.Bheerappa.K\.m2\repository\org\seleniumhq\selenium\selenium-firefox-driver\3.7.1\selenium-firefox-driver-3.7.1.jar;C:\Users\External.Bheerappa.K\.m2\repository\org\seleniumhq\selenium\selenium-opera-driver\3.7.1\selenium-opera-driver-3.7.1.jar;C:\Users\External.Bheerappa.K\.m2\repository\org\seleniumhq\selenium\selenium-remote-driver\3.7.1\selenium-remote-driver-3.7.1.jar;C:\Users\External.Bheerappa.K\.m2\repository\org\seleniumhq\selenium\selenium-safari-driver\3.7.1\selenium-safari-driver-3.7.1.jar;C:\Users\External.Bheerappa.K\.m2\repository\org\seleniumhq\selenium\selenium-support\3.7.1\selenium-support-3.7.1.jar;C:\Users\External.Bheerappa.K\.m2\repository\net\bytebuddy\byte-buddy\1.7.5\byte-buddy-1.7.5.jar;C:\Users\External.Bheerappa.K\.m2\repository\org\apache\commons\commons-exec\1.3\commons-exec-1.3.jar;C:\Users\External.Bheerappa.K\.m2\repository\commons-codec\commons-codec\1.10\commons-codec-1.10.jar;C:\Users\External.Bheerappa.K\.m2\repository\commons-logging\commons-logging\1.2\commons-logging-1.2.jar;C:\Users\External.Bheerappa.K\.m2\repository\com\google\code\gson\gson\2.8.2\gson-2.8.2.jar;C:\Users\External.Bheerappa.K\.m2\repository\com\google\guava\guava\23.0\guava-23.0.jar;C:\Users\External.Bheerappa.K\.m2\repository\com\google\code\findbugs\jsr305\1.3.9\jsr305-1.3.9.jar;C:\Users\External.Bheerappa.K\.m2\repository\com\google\errorprone\error_prone_annotations\2.0.18\error_prone_annotations-2.0.18.jar;C:\Users\External.Bheerappa.K\.m2\repository\com\google\j2objc\j2objc-annotations\1.1\j2objc-annotations-1.1.jar;C:\Users\External.Bheerappa.K\.m2\repository\org\codehaus\mojo\animal-sniffer-annotations\1.14\animal-sniffer-annotations-1.14.jar;C:\Users\External.Bheerappa.K\.m2\repository\org\apache\httpcomponents\httpclient\4.5.3\httpclient-4.5.3.jar;C:\Users\External.Bheerappa.K\.m2\repository\org\apache\httpcomponents\httpcore\4.4.6\httpcore-4.4.6.jar;C:\Users\External.Bheerappa.K\.m2\repository\org\seleniumhq\selenium\selenium-ie-driver\3.7.1\selenium-ie-driver-3.7.1.jar;C:\Users\External.Bheerappa.K\.m2\repository\org\testng\testng\6.9.10\testng-6.9.10.jar;C:\Users\External.Bheerappa.K\.m2\repository\com\beust\jcommander\1.48\jcommander-1.48.jar;C:\Users\External.Bheerappa.K\.m2\repository\org\beanshell\bsh\2.0b4\bsh-2.0b4.jar;"/>
    <property name="java.vm.specification.version" value="1.8"/>
    <property name="sun.arch.data.model" value="64"/>
    <property name="java.home" value="C:\Java\jdk1.8.0_60\jre"/>
    <property name="sun.java.command" value="C:\Users\EXTERN~1.K\AppData\Local\Temp\172\surefirebooter8083619151094100964.jar C:\Users\EXTERN~1.K\AppData\Local\Temp\172\surefire1006243870790024386tmp C:\Users\EXTERN~1.K\AppData\Local\Temp\172\surefire8630685036842982285tmp"/>
    <property name="java.specification.vendor" value="Oracle Corporation"/>
    <property name="user.language" value="en"/>
    <property name="awt.toolkit" value="sun.awt.windows.WToolkit"/>
    <property name="java.vm.info" value="mixed mode"/>
    <property name="java.version" value="1.8.0_60"/>
    <property name="java.ext.dirs" value="C:\Java\jdk1.8.0_60\jre\lib\ext;C:\Windows\Sun\Java\lib\ext"/>
    <property name="sun.boot.class.path" value="C:\Java\jdk1.8.0_60\jre\lib\resources.jar;C:\Java\jdk1.8.0_60\jre\lib\rt.jar;C:\Java\jdk1.8.0_60\jre\lib\sunrsasign.jar;C:\Java\jdk1.8.0_60\jre\lib\jsse.jar;C:\Java\jdk1.8.0_60\jre\lib\jce.jar;C:\Java\jdk1.8.0_60\jre\lib\charsets.jar;C:\Java\jdk1.8.0_60\jre\lib\jfr.jar;C:\Java\jdk1.8.0_60\jre\classes"/>
    <property name="java.vendor" value="Oracle Corporation"/>
    <property name="localRepository" value="C:\Users\External.Bheerappa.K\.m2\repository"/>
    <property name="file.separator" value="\"/>
    <property name="java.vendor.url.bug" value="http://bugreport.sun.com/bugreport/"/>
    <property name="sun.cpu.endian" value="little"/>
    <property name="sun.io.unicode.encoding" value="UnicodeLittle"/>
    <property name="sun.desktop" value="windows"/>
    <property name="sun.cpu.isalist" value="amd64"/>
  </properties>
  <testcase classname="kn.risk.pages.Test1" name="test1" time="0.927"/>
  <testcase classname="kn.risk.pages.Test1" name="test2" time="14.041"/>
  <testcase classname="kn.risk.pages.Test1" name="test3" time="8.627"/>
</testsuite>