<?xml version="1.0" encoding="UTF-8"?>
<!-- Generated by org.testng.reporters.JUnitReportReporter -->
<testsuite hostname="mstrmuptn350s" name="kn.risk.pages.Test1" tests="3" failures="0" timestamp="11 Dec 2017 10:00:04 GMT" time="23.598" errors="0">
  <testcase name="test2" time="14.043" classname="kn.risk.pages.Test1"/>
  <testcase name="test3" time="8.627" classname="kn.risk.pages.Test1"/>
  <testcase name="test1" time="0.928" classname="kn.risk.pages.Test1"/>
</testsuite> <!-- kn.risk.pages.Test1 -->
